<?xml version="1.0" encoding="UTF-8"?>
<!-- Generated by org.testng.reporters.JUnitReportReporter -->
<testsuite hostname="DESKTOP-ED1NJ38" failures="0" tests="1" name="AutomationProject.AutomationFramework.LoginTest" time="21.199" errors="0" timestamp="2024-08-05T22:28:39 IST" skipped="0">
  <testcase classname="AutomationProject.AutomationFramework.LoginTest" name="testL" time="21.199"/>
</testsuite> <!-- AutomationProject.AutomationFramework.LoginTest -->
