<?xml version="1.0" encoding="UTF-8"?>
<!-- Generated by org.testng.reporters.JUnitReportReporter -->
<testsuite hostname="Priyanka" failures="0" tests="1" name="AutomationProject.AutomationFramework.LoginPageTests" time="6.071" errors="0" timestamp="2024-08-08T19:03:10 IST" skipped="0">
  <testcase classname="AutomationProject.AutomationFramework.LoginPageTests" name="TC_ID01" time="6.071"/>
</testsuite> <!-- AutomationProject.AutomationFramework.LoginPageTests -->
