<?xml version="1.0" encoding="UTF-8"?>
<!-- Generated by org.testng.reporters.JUnitReportReporter -->
<testsuite hostname="DESKTOP-ED1NJ38" failures="0" tests="1" name="AutomationProject.AutomationFramework.LoginTest" time="64.299" errors="0" timestamp="2024-08-06T19:33:31 IST" skipped="0">
  <testcase classname="AutomationProject.AutomationFramework.LoginTest" name="testL" time="64.299"/>
</testsuite> <!-- AutomationProject.AutomationFramework.LoginTest -->
